<?xml version="1.0" encoding="UTF-8"?>
<!-- Generated by org.testng.reporters.JUnitReportReporter -->
<testsuite skipped="0" hostname="Dell" name="Qaclickacademy.AppiumTest" tests="2" failures="0" timestamp="2020-01-27T22:34:58 IST" time="0.001" errors="0">
  <testcase name="IOSApps" time="0.000" classname="Qaclickacademy.AppiumTest"/>
  <system-out/>
  <testcase name="NativeAppAnroid" time="0.001" classname="Qaclickacademy.AppiumTest"/>
  <system-out/>
</testsuite> <!-- Qaclickacademy.AppiumTest -->
