<?xml version="1.0" encoding="UTF-8"?>
<!-- Generated by org.testng.reporters.JUnitReportReporter -->
<testsuite skipped="0" hostname="Dell" name="Qaclickacademy.RestAPITest" tests="2" failures="0" timestamp="2020-01-27T22:36:31 IST" time="0.002" errors="0">
  <testcase name="deleteTwitter" time="0.001" classname="Qaclickacademy.RestAPITest"/>
  <system-out/>
  <testcase name="postJira" time="0.001" classname="Qaclickacademy.RestAPITest"/>
  <system-out/>
</testsuite> <!-- Qaclickacademy.RestAPITest -->
