<?xml version="1.0" encoding="UTF-8"?>
<!-- Generated by org.testng.reporters.JUnitReportReporter -->
<testsuite skipped="0" hostname="Dell" name="Qaclickacademy.SeleniumTest" tests="2" failures="0" timestamp="2020-01-27T22:36:31 IST" time="0.010" errors="0">
  <testcase name="BrowserAutomation" time="0.009" classname="Qaclickacademy.SeleniumTest"/>
  <system-out/>
  <testcase name="ElementsUI" time="0.001" classname="Qaclickacademy.SeleniumTest"/>
  <system-out/>
</testsuite> <!-- Qaclickacademy.SeleniumTest -->
